Flow report for 2022510125_Gokhan_Guven_BUS
Fri May 24 08:48:06 2024
Quartus II 64-Bit Version 13.0.1 Build 232 06/12/2013 Service Pack 1 SJ Web Edition


---------------------
; Table of Contents ;
---------------------
  1. Legal Notice
  2. Flow Summary
  3. Flow Settings
  4. Flow Non-Default Global Settings
  5. Flow Elapsed Time
  6. Flow OS Summary
  7. Flow Log
  8. Flow Messages
  9. Flow Suppressed Messages



----------------
; Legal Notice ;
----------------
Copyright (C) 1991-2013 Altera Corporation
Your use of Altera Corporation's design tools, logic functions 
and other software and tools, and its AMPP partner logic 
functions, and any output files from any of the foregoing 
(including device programming or simulation files), and any 
associated documentation or information are expressly subject 
to the terms and conditions of the Altera Program License 
Subscription Agreement, Altera MegaCore Function License 
Agreement, or other applicable license agreement, including, 
without limitation, that your use is for the sole purpose of 
programming logic devices manufactured by Altera and sold by 
Altera or its authorized distributors.  Please refer to the 
applicable agreement for further details.



+--------------------------------------------------------------------------------------+
; Flow Summary                                                                         ;
+------------------------------------+-------------------------------------------------+
; Flow Status                        ; Successful - Fri May 24 08:48:06 2024           ;
; Quartus II 64-Bit Version          ; 13.0.1 Build 232 06/12/2013 SP 1 SJ Web Edition ;
; Revision Name                      ; 2022510125_Gokhan_Guven_BUS                     ;
; Top-level Entity Name              ; 2022510125_Gokhan_Guven_BUS                     ;
; Family                             ; Cyclone III                                     ;
; Device                             ; EP3C16F484C6                                    ;
; Timing Models                      ; Final                                           ;
; Total logic elements               ; 159 / 15,408 ( 1 % )                            ;
;     Total combinational functions  ; 152 / 15,408 ( < 1 % )                          ;
;     Dedicated logic registers      ; 44 / 15,408 ( < 1 % )                           ;
; Total registers                    ; 44                                              ;
; Total pins                         ; 70 / 347 ( 20 % )                               ;
; Total virtual pins                 ; 0                                               ;
; Total memory bits                  ; 496 / 516,096 ( < 1 % )                         ;
; Embedded Multiplier 9-bit elements ; 0 / 112 ( 0 % )                                 ;
; Total PLLs                         ; 0 / 4 ( 0 % )                                   ;
+------------------------------------+-------------------------------------------------+


+-------------------------------------------------+
; Flow Settings                                   ;
+-------------------+-----------------------------+
; Option            ; Setting                     ;
+-------------------+-----------------------------+
; Start date & time ; 05/24/2024 08:47:44         ;
; Main task         ; Compilation                 ;
; Revision Name     ; 2022510125_Gokhan_Guven_BUS ;
+-------------------+-----------------------------+


+----------------------------------------------------------------------------------------------------------------------+
; Flow Non-Default Global Settings                                                                                     ;
+-------------------------------------+---------------------------------+---------------+-------------+----------------+
; Assignment Name                     ; Value                           ; Default Value ; Entity Name ; Section Id     ;
+-------------------------------------+---------------------------------+---------------+-------------+----------------+
; COMPILER_SIGNATURE_ID               ; 193675816239490.171652966404312 ; --            ; --          ; --             ;
; EDA_GENERATE_FUNCTIONAL_NETLIST     ; On                              ; --            ; --          ; eda_simulation ;
; EDA_OUTPUT_DATA_FORMAT              ; Verilog Hdl                     ; --            ; --          ; eda_simulation ;
; EDA_SIMULATION_TOOL                 ; ModelSim-Altera (Verilog)       ; <None>        ; --          ; --             ;
; IP_TOOL_NAME                        ; LPM_COUNTER                     ; --            ; --          ; --             ;
; IP_TOOL_NAME                        ; LPM_COUNTER                     ; --            ; --          ; --             ;
; IP_TOOL_NAME                        ; LPM_COUNTER                     ; --            ; --          ; --             ;
; IP_TOOL_NAME                        ; LPM_COUNTER                     ; --            ; --          ; --             ;
; IP_TOOL_NAME                        ; LPM_COUNTER                     ; --            ; --          ; --             ;
; IP_TOOL_NAME                        ; LPM_COUNTER                     ; --            ; --          ; --             ;
; IP_TOOL_NAME                        ; LPM_COUNTER                     ; --            ; --          ; --             ;
; IP_TOOL_NAME                        ; LPM_COUNTER                     ; --            ; --          ; --             ;
; IP_TOOL_NAME                        ; LPM_COUNTER                     ; --            ; --          ; --             ;
; IP_TOOL_NAME                        ; LPM_COUNTER                     ; --            ; --          ; --             ;
; IP_TOOL_NAME                        ; ROM: 1-PORT                     ; --            ; --          ; --             ;
; IP_TOOL_NAME                        ; RAM: 1-PORT                     ; --            ; --          ; --             ;
; IP_TOOL_NAME                        ; RAM: 1-PORT                     ; --            ; --          ; --             ;
; IP_TOOL_NAME                        ; LPM_DECODE                      ; --            ; --          ; --             ;
; IP_TOOL_NAME                        ; LPM_DECODE                      ; --            ; --          ; --             ;
; IP_TOOL_NAME                        ; LPM_DECODE                      ; --            ; --          ; --             ;
; IP_TOOL_NAME                        ; LPM_DECODE                      ; --            ; --          ; --             ;
; IP_TOOL_NAME                        ; LPM_MUX                         ; --            ; --          ; --             ;
; IP_TOOL_NAME                        ; LPM_MUX                         ; --            ; --          ; --             ;
; IP_TOOL_NAME                        ; LPM_MUX                         ; --            ; --          ; --             ;
; IP_TOOL_NAME                        ; LPM_MUX                         ; --            ; --          ; --             ;
; IP_TOOL_NAME                        ; LPM_DECODE                      ; --            ; --          ; --             ;
; IP_TOOL_NAME                        ; LPM_DECODE                      ; --            ; --          ; --             ;
; IP_TOOL_NAME                        ; LPM_MUX                         ; --            ; --          ; --             ;
; IP_TOOL_NAME                        ; LPM_MUX                         ; --            ; --          ; --             ;
; IP_TOOL_NAME                        ; LPM_DECODE                      ; --            ; --          ; --             ;
; IP_TOOL_NAME                        ; LPM_DECODE                      ; --            ; --          ; --             ;
; IP_TOOL_NAME                        ; LPM_DECODE                      ; --            ; --          ; --             ;
; IP_TOOL_NAME                        ; LPM_COUNTER                     ; --            ; --          ; --             ;
; IP_TOOL_NAME                        ; LPM_DECODE                      ; --            ; --          ; --             ;
; IP_TOOL_NAME                        ; LPM_COUNTER                     ; --            ; --          ; --             ;
; IP_TOOL_NAME                        ; LPM_COUNTER                     ; --            ; --          ; --             ;
; IP_TOOL_NAME                        ; LPM_DECODE                      ; --            ; --          ; --             ;
; IP_TOOL_NAME                        ; LPM_ADD_SUB                     ; --            ; --          ; --             ;
; IP_TOOL_NAME                        ; LPM_MUX                         ; --            ; --          ; --             ;
; IP_TOOL_NAME                        ; LPM_MUX                         ; --            ; --          ; --             ;
; IP_TOOL_NAME                        ; LPM_MUX                         ; --            ; --          ; --             ;
; IP_TOOL_NAME                        ; LPM_MUX                         ; --            ; --          ; --             ;
; IP_TOOL_NAME                        ; LPM_MUX                         ; --            ; --          ; --             ;
; IP_TOOL_NAME                        ; LPM_MUX                         ; --            ; --          ; --             ;
; IP_TOOL_NAME                        ; LPM_MUX                         ; --            ; --          ; --             ;
; IP_TOOL_NAME                        ; LPM_MUX                         ; --            ; --          ; --             ;
; IP_TOOL_NAME                        ; LPM_MUX                         ; --            ; --          ; --             ;
; IP_TOOL_NAME                        ; LPM_COUNTER                     ; --            ; --          ; --             ;
; IP_TOOL_VERSION                     ; 13.0                            ; --            ; --          ; --             ;
; IP_TOOL_VERSION                     ; 13.0                            ; --            ; --          ; --             ;
; IP_TOOL_VERSION                     ; 13.0                            ; --            ; --          ; --             ;
; IP_TOOL_VERSION                     ; 13.0                            ; --            ; --          ; --             ;
; IP_TOOL_VERSION                     ; 13.0                            ; --            ; --          ; --             ;
; IP_TOOL_VERSION                     ; 13.0                            ; --            ; --          ; --             ;
; IP_TOOL_VERSION                     ; 13.0                            ; --            ; --          ; --             ;
; IP_TOOL_VERSION                     ; 13.0                            ; --            ; --          ; --             ;
; IP_TOOL_VERSION                     ; 13.0                            ; --            ; --          ; --             ;
; IP_TOOL_VERSION                     ; 13.0                            ; --            ; --          ; --             ;
; IP_TOOL_VERSION                     ; 13.0                            ; --            ; --          ; --             ;
; IP_TOOL_VERSION                     ; 13.0                            ; --            ; --          ; --             ;
; IP_TOOL_VERSION                     ; 13.0                            ; --            ; --          ; --             ;
; IP_TOOL_VERSION                     ; 13.0                            ; --            ; --          ; --             ;
; IP_TOOL_VERSION                     ; 13.0                            ; --            ; --          ; --             ;
; IP_TOOL_VERSION                     ; 13.0                            ; --            ; --          ; --             ;
; IP_TOOL_VERSION                     ; 13.0                            ; --            ; --          ; --             ;
; IP_TOOL_VERSION                     ; 13.0                            ; --            ; --          ; --             ;
; IP_TOOL_VERSION                     ; 13.0                            ; --            ; --          ; --             ;
; IP_TOOL_VERSION                     ; 13.0                            ; --            ; --          ; --             ;
; IP_TOOL_VERSION                     ; 13.0                            ; --            ; --          ; --             ;
; IP_TOOL_VERSION                     ; 13.0                            ; --            ; --          ; --             ;
; IP_TOOL_VERSION                     ; 13.0                            ; --            ; --          ; --             ;
; IP_TOOL_VERSION                     ; 13.0                            ; --            ; --          ; --             ;
; IP_TOOL_VERSION                     ; 13.0                            ; --            ; --          ; --             ;
; IP_TOOL_VERSION                     ; 13.0                            ; --            ; --          ; --             ;
; IP_TOOL_VERSION                     ; 13.0                            ; --            ; --          ; --             ;
; IP_TOOL_VERSION                     ; 13.0                            ; --            ; --          ; --             ;
; IP_TOOL_VERSION                     ; 13.0                            ; --            ; --          ; --             ;
; IP_TOOL_VERSION                     ; 13.0                            ; --            ; --          ; --             ;
; IP_TOOL_VERSION                     ; 13.0                            ; --            ; --          ; --             ;
; IP_TOOL_VERSION                     ; 13.0                            ; --            ; --          ; --             ;
; IP_TOOL_VERSION                     ; 13.0                            ; --            ; --          ; --             ;
; IP_TOOL_VERSION                     ; 13.0                            ; --            ; --          ; --             ;
; IP_TOOL_VERSION                     ; 13.0                            ; --            ; --          ; --             ;
; IP_TOOL_VERSION                     ; 13.0                            ; --            ; --          ; --             ;
; IP_TOOL_VERSION                     ; 13.0                            ; --            ; --          ; --             ;
; IP_TOOL_VERSION                     ; 13.0                            ; --            ; --          ; --             ;
; IP_TOOL_VERSION                     ; 13.0                            ; --            ; --          ; --             ;
; IP_TOOL_VERSION                     ; 13.0                            ; --            ; --          ; --             ;
; IP_TOOL_VERSION                     ; 13.0                            ; --            ; --          ; --             ;
; IP_TOOL_VERSION                     ; 13.0                            ; --            ; --          ; --             ;
; IP_TOOL_VERSION                     ; 13.0                            ; --            ; --          ; --             ;
; IP_TOOL_VERSION                     ; 13.0                            ; --            ; --          ; --             ;
; MAX_CORE_JUNCTION_TEMP              ; 85                              ; --            ; --          ; --             ;
; MIN_CORE_JUNCTION_TEMP              ; 0                               ; --            ; --          ; --             ;
; MISC_FILE                           ; lpm_counter0.bsf                ; --            ; --          ; --             ;
; MISC_FILE                           ; lpm_counter0.cmp                ; --            ; --          ; --             ;
; MISC_FILE                           ; AR.bsf                          ; --            ; --          ; --             ;
; MISC_FILE                           ; AR.cmp                          ; --            ; --          ; --             ;
; MISC_FILE                           ; PC.bsf                          ; --            ; --          ; --             ;
; MISC_FILE                           ; PC.cmp                          ; --            ; --          ; --             ;
; MISC_FILE                           ; IR.bsf                          ; --            ; --          ; --             ;
; MISC_FILE                           ; IR.cmp                          ; --            ; --          ; --             ;
; MISC_FILE                           ; SP.bsf                          ; --            ; --          ; --             ;
; MISC_FILE                           ; SP.cmp                          ; --            ; --          ; --             ;
; MISC_FILE                           ; InpR.bsf                        ; --            ; --          ; --             ;
; MISC_FILE                           ; InpR.cmp                        ; --            ; --          ; --             ;
; MISC_FILE                           ; OutR.bsf                        ; --            ; --          ; --             ;
; MISC_FILE                           ; OutR.cmp                        ; --            ; --          ; --             ;
; MISC_FILE                           ; R0.bsf                          ; --            ; --          ; --             ;
; MISC_FILE                           ; R0.cmp                          ; --            ; --          ; --             ;
; MISC_FILE                           ; R1.bsf                          ; --            ; --          ; --             ;
; MISC_FILE                           ; R1.cmp                          ; --            ; --          ; --             ;
; MISC_FILE                           ; R2.bsf                          ; --            ; --          ; --             ;
; MISC_FILE                           ; R2.cmp                          ; --            ; --          ; --             ;
; MISC_FILE                           ; InstructionMemory.bsf           ; --            ; --          ; --             ;
; MISC_FILE                           ; InstructionMemory.cmp           ; --            ; --          ; --             ;
; MISC_FILE                           ; DataMemory.bsf                  ; --            ; --          ; --             ;
; MISC_FILE                           ; DataMemory.cmp                  ; --            ; --          ; --             ;
; MISC_FILE                           ; StackMemory.bsf                 ; --            ; --          ; --             ;
; MISC_FILE                           ; StackMemory.cmp                 ; --            ; --          ; --             ;
; MISC_FILE                           ; lpm_decode0.bsf                 ; --            ; --          ; --             ;
; MISC_FILE                           ; lpm_decode0.cmp                 ; --            ; --          ; --             ;
; MISC_FILE                           ; lpm_decode1.bsf                 ; --            ; --          ; --             ;
; MISC_FILE                           ; lpm_decode1.cmp                 ; --            ; --          ; --             ;
; MISC_FILE                           ; lpm_decode2.bsf                 ; --            ; --          ; --             ;
; MISC_FILE                           ; lpm_decode2.cmp                 ; --            ; --          ; --             ;
; MISC_FILE                           ; lpm_decode3.bsf                 ; --            ; --          ; --             ;
; MISC_FILE                           ; lpm_decode3.cmp                 ; --            ; --          ; --             ;
; MISC_FILE                           ; lpm_mux0.bsf                    ; --            ; --          ; --             ;
; MISC_FILE                           ; lpm_mux0.cmp                    ; --            ; --          ; --             ;
; MISC_FILE                           ; lpm_mux5.bsf                    ; --            ; --          ; --             ;
; MISC_FILE                           ; lpm_mux5.cmp                    ; --            ; --          ; --             ;
; MISC_FILE                           ; lpm_mux_select.bsf              ; --            ; --          ; --             ;
; MISC_FILE                           ; lpm_mux_select.cmp              ; --            ; --          ; --             ;
; MISC_FILE                           ; ins_select.bsf                  ; --            ; --          ; --             ;
; MISC_FILE                           ; ins_select.cmp                  ; --            ; --          ; --             ;
; MISC_FILE                           ; Register_load_Decode.bsf        ; --            ; --          ; --             ;
; MISC_FILE                           ; Register_load_Decode.cmp        ; --            ; --          ; --             ;
; MISC_FILE                           ; decode_decode.bsf               ; --            ; --          ; --             ;
; MISC_FILE                           ; decode_decode.cmp               ; --            ; --          ; --             ;
; MISC_FILE                           ; S1.bsf                          ; --            ; --          ; --             ;
; MISC_FILE                           ; S1.cmp                          ; --            ; --          ; --             ;
; MISC_FILE                           ; S2.bsf                          ; --            ; --          ; --             ;
; MISC_FILE                           ; S2.cmp                          ; --            ; --          ; --             ;
; MISC_FILE                           ; clrDecoder.bsf                  ; --            ; --          ; --             ;
; MISC_FILE                           ; clrDecoder.cmp                  ; --            ; --          ; --             ;
; MISC_FILE                           ; dest_decoder.bsf                ; --            ; --          ; --             ;
; MISC_FILE                           ; dest_decoder.cmp                ; --            ; --          ; --             ;
; MISC_FILE                           ; InstructionDec.bsf              ; --            ; --          ; --             ;
; MISC_FILE                           ; InstructionDec.cmp              ; --            ; --          ; --             ;
; MISC_FILE                           ; SC.bsf                          ; --            ; --          ; --             ;
; MISC_FILE                           ; SC.cmp                          ; --            ; --          ; --             ;
; MISC_FILE                           ; Time.bsf                        ; --            ; --          ; --             ;
; MISC_FILE                           ; Time.cmp                        ; --            ; --          ; --             ;
; MISC_FILE                           ; Qbit.bsf                        ; --            ; --          ; --             ;
; MISC_FILE                           ; Qbit.cmp                        ; --            ; --          ; --             ;
; MISC_FILE                           ; OPCODECNT.bsf                   ; --            ; --          ; --             ;
; MISC_FILE                           ; OPCODECNT.cmp                   ; --            ; --          ; --             ;
; MISC_FILE                           ; destdec.bsf                     ; --            ; --          ; --             ;
; MISC_FILE                           ; destdec.cmp                     ; --            ; --          ; --             ;
; MISC_FILE                           ; addSubPc.bsf                    ; --            ; --          ; --             ;
; MISC_FILE                           ; addSubPc.cmp                    ; --            ; --          ; --             ;
; MISC_FILE                           ; pcmux.bsf                       ; --            ; --          ; --             ;
; MISC_FILE                           ; pcmux.cmp                       ; --            ; --          ; --             ;
; MISC_FILE                           ; pcmux2.bsf                      ; --            ; --          ; --             ;
; MISC_FILE                           ; pcmux2.cmp                      ; --            ; --          ; --             ;
; MISC_FILE                           ; sel1.bsf                        ; --            ; --          ; --             ;
; MISC_FILE                           ; sel1.cmp                        ; --            ; --          ; --             ;
; MISC_FILE                           ; sel2.bsf                        ; --            ; --          ; --             ;
; MISC_FILE                           ; sel2.cmp                        ; --            ; --          ; --             ;
; MISC_FILE                           ; sel3.bsf                        ; --            ; --          ; --             ;
; MISC_FILE                           ; sel3.cmp                        ; --            ; --          ; --             ;
; MISC_FILE                           ; sel4.bsf                        ; --            ; --          ; --             ;
; MISC_FILE                           ; sel4.cmp                        ; --            ; --          ; --             ;
; MISC_FILE                           ; Dmdatasel.bsf                   ; --            ; --          ; --             ;
; MISC_FILE                           ; Dmdatasel.cmp                   ; --            ; --          ; --             ;
; MISC_FILE                           ; sel5.bsf                        ; --            ; --          ; --             ;
; MISC_FILE                           ; sel5.cmp                        ; --            ; --          ; --             ;
; MISC_FILE                           ; sel6.bsf                        ; --            ; --          ; --             ;
; MISC_FILE                           ; sel6.cmp                        ; --            ; --          ; --             ;
; MISC_FILE                           ; lpm_counter1.bsf                ; --            ; --          ; --             ;
; MISC_FILE                           ; lpm_counter1.cmp                ; --            ; --          ; --             ;
; NOMINAL_CORE_SUPPLY_VOLTAGE         ; 1.2V                            ; --            ; --          ; --             ;
; PARTITION_COLOR                     ; 16764057                        ; --            ; --          ; Top            ;
; PARTITION_FITTER_PRESERVATION_LEVEL ; PLACEMENT_AND_ROUTING           ; --            ; --          ; Top            ;
; PARTITION_NETLIST_TYPE              ; SOURCE                          ; --            ; --          ; Top            ;
; PROJECT_OUTPUT_DIRECTORY            ; output_files                    ; --            ; --          ; --             ;
+-------------------------------------+---------------------------------+---------------+-------------+----------------+


+-------------------------------------------------------------------------------------------------------------------------------+
; Flow Elapsed Time                                                                                                             ;
+---------------------------+--------------+-------------------------+---------------------+------------------------------------+
; Module Name               ; Elapsed Time ; Average Processors Used ; Peak Virtual Memory ; Total CPU Time (on all processors) ;
+---------------------------+--------------+-------------------------+---------------------+------------------------------------+
; Analysis & Synthesis      ; 00:00:05     ; 1.0                     ; 4665 MB             ; 00:00:05                           ;
; Fitter                    ; 00:00:09     ; 1.0                     ; 4899 MB             ; 00:00:08                           ;
; Assembler                 ; 00:00:01     ; 1.0                     ; 4545 MB             ; 00:00:01                           ;
; TimeQuest Timing Analyzer ; 00:00:03     ; 1.0                     ; 4586 MB             ; 00:00:02                           ;
; EDA Netlist Writer        ; 00:00:00     ; 1.0                     ; 4497 MB             ; 00:00:00                           ;
; Total                     ; 00:00:18     ; --                      ; --                  ; 00:00:16                           ;
+---------------------------+--------------+-------------------------+---------------------+------------------------------------+


+----------------------------------------------------------------------------------------+
; Flow OS Summary                                                                        ;
+---------------------------+------------------+-----------+------------+----------------+
; Module Name               ; Machine Hostname ; OS Name   ; OS Version ; Processor type ;
+---------------------------+------------------+-----------+------------+----------------+
; Analysis & Synthesis      ; DESKTOP-DFHLN3N  ; Windows 7 ; 6.2        ; x86_64         ;
; Fitter                    ; DESKTOP-DFHLN3N  ; Windows 7 ; 6.2        ; x86_64         ;
; Assembler                 ; DESKTOP-DFHLN3N  ; Windows 7 ; 6.2        ; x86_64         ;
; TimeQuest Timing Analyzer ; DESKTOP-DFHLN3N  ; Windows 7 ; 6.2        ; x86_64         ;
; EDA Netlist Writer        ; DESKTOP-DFHLN3N  ; Windows 7 ; 6.2        ; x86_64         ;
+---------------------------+------------------+-----------+------------+----------------+


------------
; Flow Log ;
------------
quartus_map --read_settings_files=on --write_settings_files=off 2022510125_Gokhan_Guven_BUS -c 2022510125_Gokhan_Guven_BUS
quartus_fit --read_settings_files=off --write_settings_files=off 2022510125_Gokhan_Guven_BUS -c 2022510125_Gokhan_Guven_BUS
quartus_asm --read_settings_files=off --write_settings_files=off 2022510125_Gokhan_Guven_BUS -c 2022510125_Gokhan_Guven_BUS
quartus_sta 2022510125_Gokhan_Guven_BUS -c 2022510125_Gokhan_Guven_BUS
quartus_eda --read_settings_files=off --write_settings_files=off 2022510125_Gokhan_Guven_BUS -c 2022510125_Gokhan_Guven_BUS



